<?xml version="1.0" encoding="UTF-8"?>
<!-- Generated by org.testng.reporters.JUnitReportReporter -->
<testsuite skipped="0" hostname="POKUMARI-95CK7" name="scripts.VerifyPageTitleAndReportBrokenLinks" tests="3" failures="0" timestamp="21 Oct 2017 09:28:00 GMT" time="40.378" errors="0">
  <testcase name="verifyLandingPageTitle" time="0.046" classname="scripts.VerifyPageTitleAndReportBrokenLinks"/>
  <testcase name="verifyLandingPageH1HeaderIsSDETTest" time="4.443" classname="scripts.VerifyPageTitleAndReportBrokenLinks"/>
  <testcase name="verifyBrokenLinksOnLandingPage" time="35.889" classname="scripts.VerifyPageTitleAndReportBrokenLinks"/>
</testsuite> <!-- scripts.VerifyPageTitleAndReportBrokenLinks -->
