<?xml version="1.0" encoding="UTF-8"?>
<!-- Generated by org.testng.reporters.JUnitReportReporter -->
<testsuite skipped="0" hostname="POKUMARI-95CK7" name="scripts.VerifyBlogComments" tests="2" failures="0" timestamp="23 Oct 2017 17:15:42 GMT" time="54.741" errors="0">
  <testcase name="verifyBlogCommentWithFirstName" time="47.046" classname="scripts.VerifyBlogComments"/>
  <testcase name="verifyBlogCommentWithLastName" time="7.695" classname="scripts.VerifyBlogComments"/>
</testsuite> <!-- scripts.VerifyBlogComments -->
