<?xml version="1.0" encoding="UTF-8"?>
<!-- Generated by org.testng.reporters.JUnitReportReporter -->
<testsuite skipped="0" hostname="POKUMARI-95CK7" name="scripts.VerifyBlogComments" tests="1" failures="0" timestamp="22 Oct 2017 18:27:19 GMT" time="18.025" errors="0">
  <testcase name="verifyBlogCommentWithFirstName" time="18.025" classname="scripts.VerifyBlogComments"/>
</testsuite> <!-- scripts.VerifyBlogComments -->
